<?xml version="1.0" encoding="UTF-8" standalone="no"?>
<testsuite failures="0" name="cucumber.runtime.formatter.JUnitFormatter" skipped="0" tests="1" time="18.488274">
<testcase classname="Application Login" name="Acti time Home page default login" time="18.488274">
<system-out><![CDATA[Given user is on Actitime login landing page................................passed
When user login into applicattion with username "admin" and password "manager".passed
Then Click onLogin Button...................................................passed
And Login successful msg should display.....................................passed
]]></system-out>
</testcase>
</testsuite>
